2025-07-15 08:35:06,552 - INFO - Initializing PyBullet environment...
2025-07-15 08:35:28,536 - INFO - Initializing PyBullet environment...
2025-07-15 08:36:59,154 - INFO - Initializing PyBullet environment...
2025-07-15 08:37:28,082 - INFO - Starting simulation...
2025-07-15 08:37:33,083 - INFO - Set racecar velocity: Forward=25.000042024293602, Steering=0.7853981633974483
2025-07-15 08:37:33,083 - INFO - Position: (-2.9375244578985955e-20, -6.35586757383429e-24, 0.19982968750000002), Errors: X=1.0, Y=1.0, Velocities: X=25.000042024293602, Y=25.000042024293602, PID: KP=1.0, KI=0.009999999776482582, KD=0.10000000149011612
2025-07-15 08:37:35,082 - INFO - Set racecar velocity: Forward=0.9996388967288438, Steering=0.7880732251856147
2025-07-15 08:37:35,083 - INFO - Position: (1.777743422175586e-05, 0.0004354471611806877, 0.19943495621313867), Errors: X=0.9999822225657783, Y=0.9995645528388193, Velocities: X=0.9996388967288438, Y=0.9891971360025935, PID: KP=1.0, KI=0.009999999776482582, KD=0.10000000149011612
2025-07-15 08:37:37,083 - INFO - Set racecar velocity: Forward=0.9998206459674915, Steering=0.7904806122992009
2025-07-15 08:37:37,084 - INFO - Position: (2.924041951439788e-05, 0.000828622281177426, 0.19889261394868027), Errors: X=0.9999707595804856, Y=0.9991713777188226, Velocities: X=0.9998206459674915, Y=0.9898601220259384, PID: KP=1.0, KI=0.009999999776482582, KD=0.10000000149011612
2025-07-15 08:37:39,082 - INFO - Set racecar velocity: Forward=0.9998316055814738, Steering=0.7926445276439646
2025-07-15 08:37:39,083 - INFO - Position: (4.1473098332606103e-05, 0.0011827999322316894, 0.1981801448293295), Errors: X=0.9999585269016674, Y=0.9988172000677683, Velocities: X=0.9998316055814738, Y=0.9904835010258549, PID: KP=1.0, KI=0.009999999776482582, KD=0.10000000149011612
2025-07-15 08:37:41,083 - INFO - Set racecar velocity: Forward=0.9998485829963565, Steering=0.7945859897622061
2025-07-15 08:37:41,083 - INFO - Position: (5.4203949685185414e-05, 0.0015013451019939377, 0.1972976450361833), Errors: X=0.9999457960503149, Y=0.998498654898006, Velocities: X=0.9998485829963565, Y=0.9910617395295349, PID: KP=1.0, KI=0.009999999776482582, KD=0.10000000149011612
2025-07-15 08:37:43,083 - INFO - Set racecar velocity: Forward=0.9998702725960833, Steering=0.7963256046655192
2025-07-15 08:37:43,084 - INFO - Position: (6.722453757888933e-05, 0.0017875609862157485, 0.19624518985942252), Errors: X=0.9999327754624211, Y=0.9982124390137842, Velocities: X=0.9998702725960833, Y=0.9915930186938744, PID: KP=1.0, KI=0.009999999776482582, KD=0.10000000149011612
2025-07-15 08:37:45,083 - INFO - Set racecar velocity: Forward=0.9998956129471221, Steering=0.7978830026543231
2025-07-15 08:37:45,084 - INFO - Position: (8.037722058080643e-05, 0.0020445964013959374, 0.1950228432970763), Errors: X=0.9999196227794191, Y=0.997955403598604, Velocities: X=0.9998956129471221, Y=0.9920778960203502, PID: KP=1.0, KI=0.009999999776482582, KD=0.10000000149011612
2025-07-15 08:37:47,084 - INFO - Set racecar velocity: Forward=1186.5281922052502, Steering=0.03557288060293808
2025-07-15 08:37:47,085 - INFO - Position: (9.354545234100996e-05, 0.0022753933121469868, 0.1936306612753707), Errors: X=48.42095747993828, Y=0.997724606687853, Velocities: X=1186.5281922052502, Y=0.9925183950829658, PID: KP=1.0, KI=0.009999999776482582, KD=0.10000000149011612
2025-07-15 08:37:49,082 - INFO - Set racecar velocity: Forward=48.42467002572218, Steering=0.034238741350903074
2025-07-15 08:37:49,083 - INFO - Position: (0.00011811295026091553, 0.0020855457467672174, 0.192016259224618), Errors: X=48.420932912440364, Y=0.9979144542532328, Velocities: X=48.42467002572218, Y=1.0028452899939162, PID: KP=1.0, KI=0.009999999776482582, KD=0.10000000149011612
2025-07-15 08:37:51,083 - INFO - Set racecar velocity: Forward=48.42621016124509, Steering=0.03301928388310489
2025-07-15 08:37:51,084 - INFO - Position: (0.00016079380900145738, 0.0019188977788726677, 0.19017892607946815), Errors: X=48.42089023158162, Y=0.9980811022211273, Velocities: X=48.42621016124509, Y=1.002496734325532, PID: KP=1.0, KI=0.009999999776482582, KD=0.10000000149011612
2025-07-15 08:37:53,083 - INFO - Set racecar velocity: Forward=48.42772813725596, Steering=0.031906552375957124
2025-07-15 08:37:53,084 - INFO - Position: (0.000221749773018556, 0.0017731070524394203, 0.1881183053998984), Errors: X=48.420829275617606, Y=0.9982268929475606, Velocities: X=48.42772813725596, Y=1.0021835440357119, PID: KP=1.0, KI=0.009999999776482582, KD=0.10000000149011612
2025-07-15 08:37:54,086 - INFO - Set racecar velocity: Forward=48.42922298435042, Steering=0.030892813360860798
2025-07-15 08:37:54,087 - INFO - Position: (0.00030117486238206997, 0.0016460270265739323, 0.18583419975076193), Errors: X=48.420749850528246, Y=0.9983539729734261, Velocities: X=48.42922298435042, Y=1.001903165322536, PID: KP=1.0, KI=0.009999999776482582, KD=0.10000000149011612
2025-07-15 08:37:56,082 - INFO - Set racecar velocity: Forward=48.43069350268059, Steering=0.02997068100356707
2025-07-15 08:37:56,083 - INFO - Position: (0.00039930329908793296, 0.0015357078791572987, 0.18332653659656178), Errors: X=48.420651722091534, Y=0.9984642921208428, Velocities: X=48.43069350268059, Y=1.0016528260590953, PID: KP=1.0, KI=0.009999999776482582, KD=0.10000000149011612
2025-07-15 08:37:58,082 - INFO - Set racecar velocity: Forward=48.43213831492075, Steering=0.029133192927918924
2025-07-15 08:37:58,083 - INFO - Position: (0.0005164149976718848, 0.001440391115142541, 0.18059534231654167), Errors: X=48.420534610392956, Y=0.9985596088848575, Velocities: X=48.43213831492075, Y=1.0014296922655395, PID: KP=1.0, KI=0.009999999776482582, KD=0.10000000149011612
2025-07-15 08:38:00,083 - INFO - Set racecar velocity: Forward=193.69475046365866, Steering=0.028373849749331076
2025-07-15 08:38:00,083 - INFO - Position: (0.0006528392743067156, 0.0013585000219208093, 0.17764072257478886), Errors: X=48.420398186116316, Y=0.9986414999780792, Velocities: X=193.69475046365866, Y=3.9971554772507316, PID: KP=4.0, KI=0.009999999776482582, KD=0.10000000149011612
2025-07-15 08:38:02,083 - INFO - Set racecar velocity: Forward=150.37230001605153, Steering=0.027686628914170248
2025-07-15 08:38:02,084 - INFO - Position: (0.0008089572686091328, 0.0012886276276725742, 0.17446284764642522), Errors: X=48.420242068122015, Y=0.9987113723723274, Velocities: X=150.37230001605153, Y=3.103604346723011, PID: KP=3.1052632331848145, KI=0.009999999776482582, KD=0.10000000149011612
2025-07-15 08:38:03,088 - INFO - Set racecar velocity: Forward=150.37328715187292, Steering=0.027065981128757938
2025-07-15 08:38:03,088 - INFO - Position: (0.0009852034349392884, 0.0012295234046663921, 0.17106194159823662), Errors: X=48.42006582195569, Y=0.9987704765953336, Velocities: X=150.37328715187292, Y=3.103571060215571, PID: KP=3.1052632331848145, KI=0.009999999776482582, KD=0.10000000149011612
2025-07-15 08:38:05,083 - INFO - Set racecar velocity: Forward=150.3741985329544, Steering=0.026506815519961986
2025-07-15 08:38:05,083 - INFO - Position: (0.0011820663597491288, 0.0011800795948707311, 0.16743827445880854), Errors: X=48.41986895903088, Y=0.9988199204051292, Velocities: X=150.3741985329544, Y=3.103534363835484, PID: KP=3.1052632331848145, KI=0.009999999776482582, KD=0.10000000149011612
2025-07-15 08:38:06,088 - INFO - Set racecar velocity: Forward=150.37503116508688, Steering=0.026004477907608396
2025-07-15 08:38:06,088 - INFO - Position: (0.001400089088955264, 0.001139317743084685, 0.16359215670096072), Errors: X=48.41965093630167, Y=0.9988606822569153, Velocities: X=150.37503116508688, Y=3.1034941923139803, PID: KP=3.1052632331848145, KI=0.009999999776482582, KD=0.10000000149011612
2025-07-15 08:38:08,082 - INFO - Set racecar velocity: Forward=150.37578188576833, Steering=0.02555472523946845
2025-07-15 08:38:08,083 - INFO - Position: (0.0016398690968303584, 0.001106375806980198, 0.15952393550799593), Errors: X=48.4194111562938, Y=0.9988936241930197, Velocities: X=150.37578188576833, Y=3.1034504282845856, PID: KP=3.1052632331848145, KI=0.009999999776482582, KD=0.10000000149011612
2025-07-15 08:38:10,083 - INFO - Set racecar velocity: Forward=150.37644737148034, Steering=0.025153698277702932
2025-07-15 08:38:10,083 - INFO - Position: (0.001902057989925285, 0.0010804960612726215, 0.15523399241284963), Errors: X=48.4191489674007, Y=0.9989195039387274, Velocities: X=150.37644737148034, Y=3.103402920780434, PID: KP=3.1052632331848145, KI=0.009999999776482582, KD=0.10000000149011612
2025-07-15 08:38:12,082 - INFO - Set racecar velocity: Forward=150.37702414399882, Steering=0.024797893941939243
2025-07-15 08:38:12,083 - INFO - Position: (0.00218736101201746, 0.0010610139087439525, 0.15072274199185492), Errors: X=48.418863664378605, Y=0.9989389860912561, Velocities: X=150.37702414399882, Y=3.1033514982106243, PID: KP=3.1052632331848145, KI=0.009999999776482582, KD=0.10000000149011612
2025-07-15 08:38:14,083 - INFO - Set racecar velocity: Forward=150.37750857607415, Steering=0.024484138231944452
2025-07-15 08:38:14,083 - INFO - Position: (0.002496536396136845, 0.0010473476405293946, 0.14599063136751603), Errors: X=48.41855448899449, Y=0.9989526523594706, Velocities: X=150.37750857607415, Y=3.103295977371478, PID: KP=3.1052632331848145, KI=0.009999999776482582, KD=0.10000000149011612
2025-07-15 08:38:16,082 - INFO - Set racecar velocity: Forward=150.37789689672857, Steering=0.024209560314586275
2025-07-15 08:38:16,083 - INFO - Position: (0.0028303945952706877, 0.0010389891418273473, 0.14103814033146878), Errors: X=48.41822063079535, Y=0.9989610108581727, Velocities: X=150.37789689672857, Y=3.1032361696145063, PID: KP=3.1052632331848145, KI=0.009999999776482582, KD=0.10000000149011612
2025-07-15 08:38:18,082 - INFO - Set racecar velocity: Forward=150.37818519635988, Steering=0.023971568124027
2025-07-15 08:38:18,083 - INFO - Position: (0.003189797412889383, 0.001035495509741566, 0.13586578194298132), Errors: X=48.41786122797774, Y=0.9989645044902584, Velocities: X=150.37818519635988, Y=3.1031718849813306, PID: KP=3.1052632331848145, KI=0.009999999776482582, KD=0.10000000149011612
2025-07-15 08:38:20,082 - INFO - Set racecar velocity: Forward=150.37836943178462, Steering=0.02376782566137205
2025-07-15 08:38:20,083 - INFO - Position: (0.003575657046880139, 0.001036481532164553, 0.13047410349256633), Errors: X=48.417475368343744, Y=0.9989635184678355, Velocities: X=150.37836943178462, Y=3.1031029348913495, PID: KP=3.1052632331848145, KI=0.009999999776482582, KD=0.10000000149011612
2025-07-15 08:38:22,082 - INFO - Set racecar velocity: Forward=150.3784454313332, Steering=0.023596232069272922
2025-07-15 08:38:22,083 - INFO - Position: (0.003988935055031215, 0.0010416129668271237, 0.12486368774665985), Errors: X=48.41706209033559, Y=0.9989583870331729, Velocities: X=150.3784454313332, Y=3.103029133805919, PID: KP=3.1052632331848145, KI=0.009999999776482582, KD=0.10000000149011612
2025-07-15 08:38:24,083 - INFO - Set racecar velocity: Forward=150.37840890007024, Steering=0.023454902483241377
2025-07-15 08:38:24,083 - INFO - Position: (0.004430641246301316, 0.0010506005553035517, 0.11903515440957194), Errors: X=48.41662038414432, Y=0.9989493994446964, Velocities: X=150.37840890007024, Y=3.1029503001756704, PID: KP=3.1052632331848145, KI=0.009999999776482582, KD=0.10000000149011612
2025-07-15 08:38:26,088 - INFO - Set racecar velocity: Forward=150.37825542520866, Steering=0.023342150613897557
2025-07-15 08:38:26,088 - INFO - Position: (0.004901832499316598, 0.0010631947060641995, 0.11298916175437304), Errors: X=48.41614919289131, Y=0.9989368052939358, Velocities: X=150.37825542520866, Y=3.102866256892208, PID: KP=3.1052632331848145, KI=0.009999999776482582, KD=0.10000000149011612
2025-07-15 08:38:28,082 - INFO - Set racecar velocity: Forward=150.37798048176396, Steering=0.023256472985320516
2025-07-15 08:38:28,083 - INFO - Position: (0.0054036115075558255, 0.001079180782334262, 0.10672640838611494), Errors: X=48.41564741388307, Y=0.9989208192176657, Velocities: X=150.37798048176396, Y=3.1027768314037534, PID: KP=3.1052632331848145, KI=0.009999999776482582, KD=0.10000000149011612
2025-07-15 08:38:30,083 - INFO - Set racecar velocity: Forward=150.37757943848834, Steering=0.02319653473854354
2025-07-15 08:38:30,084 - INFO - Position: (0.005937125449289706, 0.001098374933656133, 0.10024763510963165), Errors: X=48.41511389994133, Y=0.9989016250663438, Velocities: X=150.37757943848834, Y=3.102681855609085, PID: KP=3.1052632331848145, KI=0.009999999776482582, KD=0.10000000149011612
2025-07-15 08:38:32,084 - INFO - Set racecar velocity: Forward=150.37704756411782, Steering=0.02316115690206079
2025-07-15 08:38:32,085 - INFO - Position: (0.006503564579371077, 0.0011206204140438469, 0.09355362688078243), Errors: X=48.41454746081126, Y=0.9988793795859562, Velocities: X=150.37704756411782, Y=3.1025811656112823, PID: KP=3.1052632331848145, KI=0.009999999776482582, KD=0.10000000149011612
2025-07-15 08:38:34,083 - INFO - Set racecar velocity: Forward=150.3763800339563, Steering=0.02314930503014178
2025-07-15 08:38:34,084 - INFO - Position: (0.007104160739310725, 0.0011457843340347091, 0.0866452148248986), Errors: X=48.413946864651315, Y=0.9988542156659653, Velocities: X=150.3763800339563, Y=3.1024746013889333, PID: KP=3.1052632331848145, KI=0.009999999776482582, KD=0.10000000149011612
2025-07-15 08:38:36,084 - INFO - Set racecar velocity: Forward=150.375571936827, Steering=0.023160079112765193
2025-07-15 08:38:36,085 - INFO - Position: (0.007740185781633567, 0.0011737547984970833, 0.07952327830977968), Errors: X=48.41331083960899, Y=0.9988262452015029, Velocities: X=150.375571936827, Y=3.1023620064249875, PID: KP=3.1052632331848145, KI=0.009999999776482582, KD=0.10000000149011612
2025-07-15 08:38:38,084 - INFO - Set racecar velocity: Forward=150.37461828240086, Steering=0.023192704666658133
2025-07-15 08:38:38,085 - INFO - Position: (0.008412949904230138, 0.0012044383865536272, 0.07218874706316263), Errors: X=48.41263807548639, Y=0.9987955616134464, Velocities: X=150.37461828240086, Y=3.1022432273207103, PID: KP=3.1052632331848145, KI=0.009999999776482582, KD=0.10000000149011612
2025-07-15 08:38:39,084 - INFO - Set racecar velocity: Forward=150.37351400892848, Steering=0.023246524924267126
2025-07-15 08:38:39,084 - INFO - Position: (0.009123799890254226, 0.0012377579343043465, 0.06464260332640212), Errors: X=48.41192722550037, Y=0.9987622420656956, Velocities: X=150.37351400892848, Y=3.1021181134130176, PID: KP=3.1052632331848145, KI=0.009999999776482582, KD=0.10000000149011612
2025-07-15 08:38:41,092 - INFO - Set racecar velocity: Forward=150.37225399138666, Steering=0.023320994045814187
2025-07-15 08:38:41,092 - INFO - Position: (0.009874117249037319, 0.0012736505851103663, 0.05688588403733545), Errors: X=48.411176908141584, Y=0.9987263494148896, Velocities: X=150.37225399138666, Y=3.1019865164068423, PID: KP=3.1052632331848145, KI=0.009999999776482582, KD=0.10000000149011612
